# JRE version: OpenJDK Runtime Environment Temurin-11.0.12+7 (11.0.12+7) (build 11.0.12+7)
# Java VM: OpenJDK 64-Bit Server VM Temurin-11.0.12+7 (11.0.12+7, mixed mode, tiered, compressed oops, g1 gc, linux-amd64)
Heap:
 garbage-first heap   total 287744K, used 170878K [0x00000000e0000000, 0x0000000100000000)
  region size 1024K, 4 young (4096K), 2 survivors (2048K)
 Metaspace       used 31794K, capacity 32258K, committed 32640K, reserved 1079296K
  class space    used 3222K, capacity 3397K, committed 3456K, reserved 1048576K
GC Heap History (20 events):
Event: 3067,520 GC heap before
{Heap before GC invocations=9747 (full 0):
 garbage-first heap   total 287744K, used 255355K [0x00000000e0000000, 0x0000000100000000)
  region size 1024K, 94 young (96256K), 1 survivors (1024K)
 Metaspace       used 31792K, capacity 32258K, committed 32640K, reserved 1079296K
  class space    used 3222K, capacity 3397K, committed 3456K, reserved 1048576K
}
Event: 3067,521 GC heap after
{Heap after GC invocations=9748 (full 0):
 garbage-first heap   total 287744K, used 160142K [0x00000000e0000000, 0x0000000100000000)
  region size 1024K, 1 young (1024K), 1 survivors (1024K)
 Metaspace       used 31792K, capacity 32258K, committed 32640K, reserved 1079296K
  class space    used 3222K, capacity 3397K, committed 3456K, reserved 1048576K
}
Event: 3067,596 GC heap before
{Heap before GC invocations=9748 (full 0):
 garbage-first heap   total 287744K, used 255374K [0x00000000e0000000, 0x0000000100000000)
  region size 1024K, 94 young (96256K), 1 survivors (1024K)
 Metaspace       used 31792K, capacity 32258K, committed 32640K, reserved 1079296K
  class space    used 3222K, capacity 3397K, committed 3456K, reserved 1048576K
}
Event: 3067,597 GC heap after
{Heap after GC invocations=9749 (full 0):
 garbage-first heap   total 287744K, used 160157K [0x00000000e0000000, 0x0000000100000000)
  region size 1024K, 1 young (1024K), 1 survivors (1024K)
 Metaspace       used 31792K, capacity 32258K, committed 32640K, reserved 1079296K
  class space    used 3222K, capacity 3397K, committed 3456K, reserved 1048576K
}
Event: 3067,679 GC heap before
{Heap before GC invocations=9749 (full 0):
 garbage-first heap   total 287744K, used 255389K [0x00000000e0000000, 0x0000000100000000)
  region size 1024K, 94 young (96256K), 1 survivors (1024K)
 Metaspace       used 31792K, capacity 32258K, committed 32640K, reserved 1079296K
  class space    used 3222K, capacity 3397K, committed 3456K, reserved 1048576K
}
Event: 3067,680 GC heap after
{Heap after GC invocations=9750 (full 0):
 garbage-first heap   total 287744K, used 160179K [0x00000000e0000000, 0x0000000100000000)
  region size 1024K, 1 young (1024K), 1 survivors (1024K)
 Metaspace       used 31792K, capacity 32258K, committed 32640K, reserved 1079296K
  class space    used 3222K, capacity 3397K, committed 3456K, reserved 1048576K
}
Event: 3067,755 GC heap before
{Heap before GC invocations=9751 (full 0):
 garbage-first heap   total 287744K, used 255411K [0x00000000e0000000, 0x0000000100000000)
  region size 1024K, 94 young (96256K), 1 survivors (1024K)
 Metaspace       used 31792K, capacity 32258K, committed 32640K, reserved 1079296K
  class space    used 3222K, capacity 3397K, committed 3456K, reserved 1048576K
}
Event: 3067,756 GC heap after
{Heap after GC invocations=9752 (full 0):
 garbage-first heap   total 287744K, used 160212K [0x00000000e0000000, 0x0000000100000000)
  region size 1024K, 1 young (1024K), 1 survivors (1024K)
 Metaspace       used 31792K, capacity 32258K, committed 32640K, reserved 1079296K
  class space    used 3222K, capacity 3397K, committed 3456K, reserved 1048576K
}
Event: 3067,836 GC heap before
{Heap before GC invocations=9752 (full 0):
 garbage-first heap   total 287744K, used 255444K [0x00000000e0000000, 0x0000000100000000)
  region size 1024K, 94 young (96256K), 1 survivors (1024K)
 Metaspace       used 31792K, capacity 32258K, committed 32640K, reserved 1079296K
  class space    used 3222K, capacity 3397K, committed 3456K, reserved 1048576K
}
Event: 3067,838 GC heap after
{Heap after GC invocations=9753 (full 0):
 garbage-first heap   total 287744K, used 160294K [0x00000000e0000000, 0x0000000100000000)
  region size 1024K, 1 young (1024K), 1 survivors (1024K)
 Metaspace       used 31792K, capacity 32258K, committed 32640K, reserved 1079296K
  class space    used 3222K, capacity 3397K, committed 3456K, reserved 1048576K
}
Event: 3067,955 GC heap before
{Heap before GC invocations=9754 (full 0):
 garbage-first heap   total 287744K, used 255526K [0x00000000e0000000, 0x0000000100000000)
  region size 1024K, 94 young (96256K), 1 survivors (1024K)
 Metaspace       used 31792K, capacity 32258K, committed 32640K, reserved 1079296K
  class space    used 3222K, capacity 3397K, committed 3456K, reserved 1048576K
}
Event: 3067,956 GC heap after
{Heap after GC invocations=9755 (full 0):
 garbage-first heap   total 287744K, used 160182K [0x00000000e0000000, 0x0000000100000000)
  region size 1024K, 1 young (1024K), 1 survivors (1024K)
 Metaspace       used 31792K, capacity 32258K, committed 32640K, reserved 1079296K
  class space    used 3222K, capacity 3397K, committed 3456K, reserved 1048576K
}
Event: 3067,969 GC heap before
{Heap before GC invocations=9755 (full 0):
 garbage-first heap   total 287744K, used 173494K [0x00000000e0000000, 0x0000000100000000)
  region size 1024K, 14 young (14336K), 1 survivors (1024K)
 Metaspace       used 31792K, capacity 32258K, committed 32640K, reserved 1079296K
  class space    used 3222K, capacity 3397K, committed 3456K, reserved 1048576K
}
Event: 3067,971 GC heap after
{Heap after GC invocations=9756 (full 0):
 garbage-first heap   total 287744K, used 156346K [0x00000000e0000000, 0x0000000100000000)
  region size 1024K, 1 young (1024K), 1 survivors (1024K)
 Metaspace       used 31792K, capacity 32258K, committed 32640K, reserved 1079296K
  class space    used 3222K, capacity 3397K, committed 3456K, reserved 1048576K
}
Event: 3068,063 GC heap before
{Heap before GC invocations=9756 (full 0):
 garbage-first heap   total 287744K, used 253626K [0x00000000e0000000, 0x0000000100000000)
  region size 1024K, 96 young (98304K), 1 survivors (1024K)
 Metaspace       used 31792K, capacity 32258K, committed 32640K, reserved 1079296K
  class space    used 3222K, capacity 3397K, committed 3456K, reserved 1048576K
}
Event: 3068,064 GC heap after
{Heap after GC invocations=9757 (full 0):
 garbage-first heap   total 287744K, used 156573K [0x00000000e0000000, 0x0000000100000000)
  region size 1024K, 1 young (1024K), 1 survivors (1024K)
 Metaspace       used 31792K, capacity 32258K, committed 32640K, reserved 1079296K
  class space    used 3222K, capacity 3397K, committed 3456K, reserved 1048576K
}
Event: 3068,148 GC heap before
{Heap before GC invocations=9757 (full 0):
 garbage-first heap   total 287744K, used 253853K [0x00000000e0000000, 0x0000000100000000)
  region size 1024K, 96 young (98304K), 1 survivors (1024K)
 Metaspace       used 31792K, capacity 32258K, committed 32640K, reserved 1079296K
  class space    used 3222K, capacity 3397K, committed 3456K, reserved 1048576K
}
Event: 3068,149 GC heap after
{Heap after GC invocations=9758 (full 0):
 garbage-first heap   total 287744K, used 156613K [0x00000000e0000000, 0x0000000100000000)
  region size 1024K, 1 young (1024K), 1 survivors (1024K)
 Metaspace       used 31792K, capacity 32258K, committed 32640K, reserved 1079296K
  class space    used 3222K, capacity 3397K, committed 3456K, reserved 1048576K
}
Event: 3068,189 GC heap before
{Heap before GC invocations=9758 (full 0):
 garbage-first heap   total 287744K, used 198597K [0x00000000e0000000, 0x0000000100000000)
  region size 1024K, 43 young (44032K), 1 survivors (1024K)
 Metaspace       used 31794K, capacity 32258K, committed 32640K, reserved 1079296K
  class space    used 3222K, capacity 3397K, committed 3456K, reserved 1048576K
}
Event: 3068,190 GC heap after
{Heap after GC invocations=9759 (full 0):
 garbage-first heap   total 287744K, used 157566K [0x00000000e0000000, 0x0000000100000000)
  region size 1024K, 2 young (2048K), 2 survivors (2048K)
 Metaspace       used 31794K, capacity 32258K, committed 32640K, reserved 1079296K
  class space    used 3222K, capacity 3397K, committed 3456K, reserved 1048576K
}

